<?xml version="1.0" encoding="UTF-8"?>
<!-- Generated by org.testng.reporters.JUnitReportReporter -->
<testsuite skipped="0" hostname="DESKTOP-H4V6UKL" name="qaclickacademy.AppiumTest" tests="2" failures="0" timestamp="05 Oct 2020 02:00:06 GMT" time="0.000" errors="0">
  <testcase name="IOSApps" time="0.000" classname="qaclickacademy.AppiumTest"/>
  <testcase name="NativeAPpAndroid" time="0.000" classname="qaclickacademy.AppiumTest"/>
</testsuite> <!-- qaclickacademy.AppiumTest -->
